# JRE version: OpenJDK Runtime Environment (21.0.6) (build 21.0.6+-13355223-b631.42)
# Java VM: OpenJDK 64-Bit Server VM (21.0.6+-13355223-b631.42, mixed mode, tiered, compressed oops, compressed class ptrs, g1 gc, windows-amd64)
GC Precious Log:
 CardTable entry size: 512
 Card Set container configuration: InlinePtr #cards 5 size 8 Array Of Cards #cards 12 size 40 Howl #buckets 4 coarsen threshold 1843 Howl Bitmap #cards 512 size 80 coarsen threshold 460 Card regions per heap region 1 cards per card region 2048
 CPUs: 8 total, 8 available
 Memory: 7881M
 Large Page Support: Disabled
 NUMA Support: Disabled
 Compressed Oops: Enabled (32-bit)
 Heap Region Size: 1M
 Heap Min Capacity: 8M
 Heap Initial Capacity: 124M
 Heap Max Capacity: 2G
 Pre-touch: Disabled
 Parallel Workers: 8
 Concurrent Workers: 2
 Concurrent Refinement Workers: 8
 Periodic GC: Disabled
Heap:
 garbage-first heap   total 316416K, used 238080K [0x0000000080000000, 0x0000000100000000)
  region size 1024K, 3 young (3072K), 3 survivors (3072K)
 Metaspace       used 122038K, committed 124160K, reserved 1179648K
  class space    used 16868K, committed 17920K, reserved 1048576K
GC Heap History (20 events):
Event: 8.005 GC heap after
{Heap after GC invocations=29 (full 0):
 garbage-first heap   total 275456K, used 77286K [0x0000000080000000, 0x0000000100000000)
  region size 1024K, 5 young (5120K), 5 survivors (5120K)
 Metaspace       used 83062K, committed 84800K, reserved 1179648K
  class space    used 11180K, committed 12032K, reserved 1048576K
}
Event: 8.222 GC heap before
{Heap before GC invocations=29 (full 0):
 garbage-first heap   total 275456K, used 99814K [0x0000000080000000, 0x0000000100000000)
  region size 1024K, 28 young (28672K), 5 survivors (5120K)
 Metaspace       used 84720K, committed 86528K, reserved 1179648K
  class space    used 11400K, committed 12288K, reserved 1048576K
}
Event: 8.226 GC heap after
{Heap after GC invocations=30 (full 0):
 garbage-first heap   total 275456K, used 77970K [0x0000000080000000, 0x0000000100000000)
  region size 1024K, 6 young (6144K), 6 survivors (6144K)
 Metaspace       used 84720K, committed 86528K, reserved 1179648K
  class space    used 11400K, committed 12288K, reserved 1048576K
}
Event: 9.813 GC heap before
{Heap before GC invocations=31 (full 0):
 garbage-first heap   total 273408K, used 239762K [0x0000000080000000, 0x0000000100000000)
  region size 1024K, 160 young (163840K), 6 survivors (6144K)
 Metaspace       used 94613K, committed 96640K, reserved 1179648K
  class space    used 12981K, committed 14016K, reserved 1048576K
}
Event: 9.824 GC heap after
{Heap after GC invocations=32 (full 0):
 garbage-first heap   total 273408K, used 90196K [0x0000000080000000, 0x0000000100000000)
  region size 1024K, 15 young (15360K), 15 survivors (15360K)
 Metaspace       used 94613K, committed 96640K, reserved 1179648K
  class space    used 12981K, committed 14016K, reserved 1048576K
}
Event: 11.344 GC heap before
{Heap before GC invocations=32 (full 0):
 garbage-first heap   total 273408K, used 236628K [0x0000000080000000, 0x0000000100000000)
  region size 1024K, 158 young (161792K), 15 survivors (15360K)
 Metaspace       used 105644K, committed 107776K, reserved 1179648K
  class space    used 14503K, committed 15552K, reserved 1048576K
}
Event: 11.357 GC heap after
{Heap after GC invocations=33 (full 0):
 garbage-first heap   total 273408K, used 100041K [0x0000000080000000, 0x0000000100000000)
  region size 1024K, 20 young (20480K), 20 survivors (20480K)
 Metaspace       used 105644K, committed 107776K, reserved 1179648K
  class space    used 14503K, committed 15552K, reserved 1048576K
}
Event: 12.566 GC heap before
{Heap before GC invocations=33 (full 0):
 garbage-first heap   total 273408K, used 237257K [0x0000000080000000, 0x0000000100000000)
  region size 1024K, 155 young (158720K), 20 survivors (20480K)
 Metaspace       used 108605K, committed 110720K, reserved 1179648K
  class space    used 14926K, committed 16000K, reserved 1048576K
}
Event: 12.586 GC heap after
{Heap after GC invocations=34 (full 0):
 garbage-first heap   total 273408K, used 106941K [0x0000000080000000, 0x0000000100000000)
  region size 1024K, 19 young (19456K), 19 survivors (19456K)
 Metaspace       used 108605K, committed 110720K, reserved 1179648K
  class space    used 14926K, committed 16000K, reserved 1048576K
}
Event: 13.413 GC heap before
{Heap before GC invocations=35 (full 0):
 garbage-first heap   total 273408K, used 243133K [0x0000000080000000, 0x0000000100000000)
  region size 1024K, 148 young (151552K), 19 survivors (19456K)
 Metaspace       used 110690K, committed 112832K, reserved 1179648K
  class space    used 15130K, committed 16192K, reserved 1048576K
}
Event: 13.430 GC heap after
{Heap after GC invocations=36 (full 0):
 garbage-first heap   total 273408K, used 114097K [0x0000000080000000, 0x0000000100000000)
  region size 1024K, 17 young (17408K), 17 survivors (17408K)
 Metaspace       used 110690K, committed 112832K, reserved 1179648K
  class space    used 15130K, committed 16192K, reserved 1048576K
}
Event: 14.468 GC heap before
{Heap before GC invocations=36 (full 0):
 garbage-first heap   total 273408K, used 271793K [0x0000000080000000, 0x0000000100000000)
  region size 1024K, 132 young (135168K), 17 survivors (17408K)
 Metaspace       used 115112K, committed 117248K, reserved 1179648K
  class space    used 15745K, committed 16832K, reserved 1048576K
}
Event: 14.496 GC heap after
{Heap after GC invocations=37 (full 0):
 garbage-first heap   total 316416K, used 160147K [0x0000000080000000, 0x0000000100000000)
  region size 1024K, 18 young (18432K), 18 survivors (18432K)
 Metaspace       used 115112K, committed 117248K, reserved 1179648K
  class space    used 15745K, committed 16832K, reserved 1048576K
}
Event: 14.543 GC heap before
{Heap before GC invocations=37 (full 0):
 garbage-first heap   total 316416K, used 167315K [0x0000000080000000, 0x0000000100000000)
  region size 1024K, 26 young (26624K), 18 survivors (18432K)
 Metaspace       used 115112K, committed 117248K, reserved 1179648K
  class space    used 15745K, committed 16832K, reserved 1048576K
}
Event: 14.560 GC heap after
{Heap after GC invocations=38 (full 0):
 garbage-first heap   total 316416K, used 166331K [0x0000000080000000, 0x0000000100000000)
  region size 1024K, 5 young (5120K), 5 survivors (5120K)
 Metaspace       used 115112K, committed 117248K, reserved 1179648K
  class space    used 15745K, committed 16832K, reserved 1048576K
}
Event: 15.181 GC heap before
{Heap before GC invocations=39 (full 0):
 garbage-first heap   total 316416K, used 262587K [0x0000000080000000, 0x0000000100000000)
  region size 1024K, 99 young (101376K), 5 survivors (5120K)
 Metaspace       used 117837K, committed 119936K, reserved 1179648K
  class space    used 16295K, committed 17344K, reserved 1048576K
}
Event: 15.222 GC heap after
{Heap after GC invocations=40 (full 0):
 garbage-first heap   total 316416K, used 207360K [0x0000000080000000, 0x0000000100000000)
  region size 1024K, 13 young (13312K), 13 survivors (13312K)
 Metaspace       used 117837K, committed 119936K, reserved 1179648K
  class space    used 16295K, committed 17344K, reserved 1048576K
}
Event: 15.809 GC heap before
{Heap before GC invocations=40 (full 0):
 garbage-first heap   total 316416K, used 265728K [0x0000000080000000, 0x0000000100000000)
  region size 1024K, 71 young (72704K), 13 survivors (13312K)
 Metaspace       used 119267K, committed 121472K, reserved 1179648K
  class space    used 16506K, committed 17600K, reserved 1048576K
}
Event: 15.856 GC heap after
{Heap after GC invocations=41 (full 0):
 garbage-first heap   total 316416K, used 232960K [0x0000000080000000, 0x0000000100000000)
  region size 1024K, 9 young (9216K), 9 survivors (9216K)
 Metaspace       used 119267K, committed 121472K, reserved 1179648K
  class space    used 16506K, committed 17600K, reserved 1048576K
}
Event: 17.134 GC heap before
{Heap before GC invocations=41 (full 0):
 garbage-first heap   total 316416K, used 274944K [0x0000000080000000, 0x0000000100000000)
  region size 1024K, 51 young (52224K), 9 survivors (9216K)
 Metaspace       used 122038K, committed 124160K, reserved 1179648K
  class space    used 16868K, committed 17920K, reserved 1048576K
}

