# JRE version: OpenJDK Runtime Environment (21.0.6) (build 21.0.6+-13355223-b631.42)
# Java VM: OpenJDK 64-Bit Server VM (21.0.6+-13355223-b631.42, mixed mode, tiered, compressed oops, compressed class ptrs, g1 gc, windows-amd64)
GC Precious Log:
 CardTable entry size: 512
 Card Set container configuration: InlinePtr #cards 5 size 8 Array Of Cards #cards 12 size 40 Howl #buckets 4 coarsen threshold 1843 Howl Bitmap #cards 512 size 80 coarsen threshold 460 Card regions per heap region 1 cards per card region 2048
 CPUs: 8 total, 8 available
 Memory: 7881M
 Large Page Support: Disabled
 NUMA Support: Disabled
 Compressed Oops: Enabled (32-bit)
 Heap Region Size: 1M
 Heap Min Capacity: 8M
 Heap Initial Capacity: 124M
 Heap Max Capacity: 2G
 Pre-touch: Disabled
 Parallel Workers: 8
 Concurrent Workers: 2
 Concurrent Refinement Workers: 8
 Periodic GC: Disabled
Heap:
 garbage-first heap   total 359424K, used 246784K [0x0000000080000000, 0x0000000100000000)
  region size 1024K, 37 young (37888K), 7 survivors (7168K)
 Metaspace       used 118070K, committed 120256K, reserved 1179648K
  class space    used 16305K, committed 17408K, reserved 1048576K
GC Heap History (20 events):
Event: 12.074 GC heap before
{Heap before GC invocations=36 (full 0):
 garbage-first heap   total 155648K, used 140414K [0x0000000080000000, 0x0000000100000000)
  region size 1024K, 49 young (50176K), 5 survivors (5120K)
 Metaspace       used 105700K, committed 107712K, reserved 1179648K
  class space    used 14503K, committed 15488K, reserved 1048576K
}
Event: 12.080 GC heap after
{Heap after GC invocations=37 (full 0):
 garbage-first heap   total 187392K, used 99023K [0x0000000080000000, 0x0000000100000000)
  region size 1024K, 6 young (6144K), 6 survivors (6144K)
 Metaspace       used 105700K, committed 107712K, reserved 1179648K
  class space    used 14503K, committed 15488K, reserved 1048576K
}
Event: 12.738 GC heap before
{Heap before GC invocations=38 (full 0):
 garbage-first heap   total 187392K, used 169679K [0x0000000080000000, 0x0000000100000000)
  region size 1024K, 76 young (77824K), 6 survivors (6144K)
 Metaspace       used 107816K, committed 109888K, reserved 1179648K
  class space    used 14805K, committed 15872K, reserved 1048576K
}
Event: 12.746 GC heap after
{Heap after GC invocations=39 (full 0):
 garbage-first heap   total 187392K, used 105470K [0x0000000080000000, 0x0000000100000000)
  region size 1024K, 10 young (10240K), 10 survivors (10240K)
 Metaspace       used 107816K, committed 109888K, reserved 1179648K
  class space    used 14805K, committed 15872K, reserved 1048576K
}
Event: 13.080 GC heap before
{Heap before GC invocations=39 (full 0):
 garbage-first heap   total 187392K, used 165886K [0x0000000080000000, 0x0000000100000000)
  region size 1024K, 70 young (71680K), 10 survivors (10240K)
 Metaspace       used 108556K, committed 110656K, reserved 1179648K
  class space    used 14908K, committed 16000K, reserved 1048576K
}
Event: 13.088 GC heap after
{Heap after GC invocations=40 (full 0):
 garbage-first heap   total 187392K, used 107715K [0x0000000080000000, 0x0000000100000000)
  region size 1024K, 6 young (6144K), 6 survivors (6144K)
 Metaspace       used 108556K, committed 110656K, reserved 1179648K
  class space    used 14908K, committed 16000K, reserved 1048576K
}
Event: 13.425 GC heap before
{Heap before GC invocations=40 (full 0):
 garbage-first heap   total 187392K, used 168131K [0x0000000080000000, 0x0000000100000000)
  region size 1024K, 66 young (67584K), 6 survivors (6144K)
 Metaspace       used 109055K, committed 111168K, reserved 1179648K
  class space    used 14988K, committed 16064K, reserved 1048576K
}
Event: 13.430 GC heap after
{Heap after GC invocations=41 (full 0):
 garbage-first heap   total 187392K, used 110550K [0x0000000080000000, 0x0000000100000000)
  region size 1024K, 6 young (6144K), 6 survivors (6144K)
 Metaspace       used 109055K, committed 111168K, reserved 1179648K
  class space    used 14988K, committed 16064K, reserved 1048576K
}
Event: 13.993 GC heap before
{Heap before GC invocations=42 (full 0):
 garbage-first heap   total 194560K, used 174038K [0x0000000080000000, 0x0000000100000000)
  region size 1024K, 64 young (65536K), 6 survivors (6144K)
 Metaspace       used 110835K, committed 112960K, reserved 1179648K
  class space    used 15126K, committed 16192K, reserved 1048576K
}
Event: 13.999 GC heap after
{Heap after GC invocations=43 (full 0):
 garbage-first heap   total 194560K, used 114862K [0x0000000080000000, 0x0000000100000000)
  region size 1024K, 7 young (7168K), 7 survivors (7168K)
 Metaspace       used 110835K, committed 112960K, reserved 1179648K
  class space    used 15126K, committed 16192K, reserved 1048576K
}
Event: 14.969 GC heap before
{Heap before GC invocations=43 (full 0):
 garbage-first heap   total 194560K, used 186542K [0x0000000080000000, 0x0000000100000000)
  region size 1024K, 67 young (68608K), 7 survivors (7168K)
 Metaspace       used 113451K, committed 115584K, reserved 1179648K
  class space    used 15483K, committed 16576K, reserved 1048576K
}
Event: 14.979 GC heap after
{Heap after GC invocations=44 (full 0):
 garbage-first heap   total 203776K, used 132096K [0x0000000080000000, 0x0000000100000000)
  region size 1024K, 9 young (9216K), 9 survivors (9216K)
 Metaspace       used 113451K, committed 115584K, reserved 1179648K
  class space    used 15483K, committed 16576K, reserved 1048576K
}
Event: 15.208 GC heap before
{Heap before GC invocations=44 (full 0):
 garbage-first heap   total 203776K, used 144384K [0x0000000080000000, 0x0000000100000000)
  region size 1024K, 22 young (22528K), 9 survivors (9216K)
 Metaspace       used 114957K, committed 117120K, reserved 1179648K
  class space    used 15705K, committed 16832K, reserved 1048576K
}
Event: 15.212 GC heap after
{Heap after GC invocations=45 (full 0):
 garbage-first heap   total 203776K, used 134381K [0x0000000080000000, 0x0000000100000000)
  region size 1024K, 2 young (2048K), 2 survivors (2048K)
 Metaspace       used 114957K, committed 117120K, reserved 1179648K
  class space    used 15705K, committed 16832K, reserved 1048576K
}
Event: 15.594 GC heap before
{Heap before GC invocations=46 (full 0):
 garbage-first heap   total 273408K, used 214253K [0x0000000080000000, 0x0000000100000000)
  region size 1024K, 52 young (53248K), 2 survivors (2048K)
 Metaspace       used 115224K, committed 117376K, reserved 1179648K
  class space    used 15745K, committed 16832K, reserved 1048576K
}
Event: 15.612 GC heap after
{Heap after GC invocations=47 (full 0):
 garbage-first heap   total 273408K, used 165359K [0x0000000080000000, 0x0000000100000000)
  region size 1024K, 7 young (7168K), 7 survivors (7168K)
 Metaspace       used 115224K, committed 117376K, reserved 1179648K
  class space    used 15745K, committed 16832K, reserved 1048576K
}
Event: 16.295 GC heap before
{Heap before GC invocations=47 (full 0):
 garbage-first heap   total 273408K, used 237039K [0x0000000080000000, 0x0000000100000000)
  region size 1024K, 77 young (78848K), 7 survivors (7168K)
 Metaspace       used 117960K, committed 120128K, reserved 1179648K
  class space    used 16300K, committed 17408K, reserved 1048576K
}
Event: 16.337 GC heap after
{Heap after GC invocations=48 (full 0):
 garbage-first heap   total 276480K, used 193536K [0x0000000080000000, 0x0000000100000000)
  region size 1024K, 10 young (10240K), 10 survivors (10240K)
 Metaspace       used 117960K, committed 120128K, reserved 1179648K
  class space    used 16300K, committed 17408K, reserved 1048576K
}
Event: 16.545 GC heap before
{Heap before GC invocations=48 (full 0):
 garbage-first heap   total 276480K, used 239616K [0x0000000080000000, 0x0000000100000000)
  region size 1024K, 55 young (56320K), 10 survivors (10240K)
 Metaspace       used 118030K, committed 120192K, reserved 1179648K
  class space    used 16305K, committed 17408K, reserved 1048576K
}
Event: 16.598 GC heap after
{Heap after GC invocations=49 (full 0):
 garbage-first heap   total 359424K, used 218112K [0x0000000080000000, 0x0000000100000000)
  region size 1024K, 7 young (7168K), 7 survivors (7168K)
 Metaspace       used 118030K, committed 120192K, reserved 1179648K
  class space    used 16305K, committed 17408K, reserved 1048576K
}

