# JRE version: OpenJDK Runtime Environment (21.0.6) (build 21.0.6+-13355223-b631.42)
# Java VM: OpenJDK 64-Bit Server VM (21.0.6+-13355223-b631.42, mixed mode, tiered, compressed oops, compressed class ptrs, g1 gc, windows-amd64)
GC Precious Log:
 CardTable entry size: 512
 Card Set container configuration: InlinePtr #cards 5 size 8 Array Of Cards #cards 12 size 40 Howl #buckets 4 coarsen threshold 1843 Howl Bitmap #cards 512 size 80 coarsen threshold 460 Card regions per heap region 1 cards per card region 2048
 CPUs: 8 total, 8 available
 Memory: 7881M
 Large Page Support: Disabled
 NUMA Support: Disabled
 Compressed Oops: Enabled (32-bit)
 Heap Region Size: 1M
 Heap Min Capacity: 8M
 Heap Initial Capacity: 124M
 Heap Max Capacity: 2G
 Pre-touch: Disabled
 Parallel Workers: 8
 Concurrent Workers: 2
 Concurrent Refinement Workers: 8
 Periodic GC: Disabled
Heap:
 garbage-first heap   total 384000K, used 269082K [0x0000000080000000, 0x0000000100000000)
  region size 1024K, 27 young (27648K), 9 survivors (9216K)
 Metaspace       used 124053K, committed 126272K, reserved 1179648K
  class space    used 17101K, committed 18240K, reserved 1048576K
GC Heap History (20 events):
Event: 22.720 GC heap before
{Heap before GC invocations=49 (full 0):
 garbage-first heap   total 204800K, used 203203K [0x0000000080000000, 0x0000000100000000)
  region size 1024K, 52 young (53248K), 5 survivors (5120K)
 Metaspace       used 115085K, committed 117248K, reserved 1179648K
  class space    used 15733K, committed 16832K, reserved 1048576K
}
Event: 22.726 GC heap after
{Heap after GC invocations=50 (full 0):
 garbage-first heap   total 222208K, used 150843K [0x0000000080000000, 0x0000000100000000)
  region size 1024K, 7 young (7168K), 7 survivors (7168K)
 Metaspace       used 115085K, committed 117248K, reserved 1179648K
  class space    used 15733K, committed 16832K, reserved 1048576K
}
Event: 23.040 GC heap before
{Heap before GC invocations=50 (full 0):
 garbage-first heap   total 222208K, used 201019K [0x0000000080000000, 0x0000000100000000)
  region size 1024K, 55 young (56320K), 7 survivors (7168K)
 Metaspace       used 115278K, committed 117440K, reserved 1179648K
  class space    used 15757K, committed 16832K, reserved 1048576K
}
Event: 23.055 GC heap after
{Heap after GC invocations=51 (full 0):
 garbage-first heap   total 229376K, used 169156K [0x0000000080000000, 0x0000000100000000)
  region size 1024K, 7 young (7168K), 7 survivors (7168K)
 Metaspace       used 115278K, committed 117440K, reserved 1179648K
  class space    used 15757K, committed 16832K, reserved 1048576K
}
Event: 23.562 GC heap before
{Heap before GC invocations=51 (full 0):
 garbage-first heap   total 229376K, used 204996K [0x0000000080000000, 0x0000000100000000)
  region size 1024K, 43 young (44032K), 7 survivors (7168K)
 Metaspace       used 117998K, committed 120128K, reserved 1179648K
  class space    used 16313K, committed 17408K, reserved 1048576K
}
Event: 23.576 GC heap after
{Heap after GC invocations=52 (full 0):
 garbage-first heap   total 229376K, used 181532K [0x0000000080000000, 0x0000000100000000)
  region size 1024K, 6 young (6144K), 6 survivors (6144K)
 Metaspace       used 117998K, committed 120128K, reserved 1179648K
  class space    used 16313K, committed 17408K, reserved 1048576K
}
Event: 23.671 GC heap before
{Heap before GC invocations=52 (full 0):
 garbage-first heap   total 229376K, used 209180K [0x0000000080000000, 0x0000000100000000)
  region size 1024K, 33 young (33792K), 6 survivors (6144K)
 Metaspace       used 118076K, committed 120256K, reserved 1179648K
  class space    used 16317K, committed 17408K, reserved 1048576K
}
Event: 23.686 GC heap after
{Heap after GC invocations=53 (full 0):
 garbage-first heap   total 278528K, used 197120K [0x0000000080000000, 0x0000000100000000)
  region size 1024K, 5 young (5120K), 5 survivors (5120K)
 Metaspace       used 118076K, committed 120256K, reserved 1179648K
  class space    used 16317K, committed 17408K, reserved 1048576K
}
Event: 23.846 GC heap before
{Heap before GC invocations=54 (full 0):
 garbage-first heap   total 329728K, used 240128K [0x0000000080000000, 0x0000000100000000)
  region size 1024K, 48 young (49152K), 5 survivors (5120K)
 Metaspace       used 118105K, committed 120256K, reserved 1179648K
  class space    used 16320K, committed 17408K, reserved 1048576K
}
Event: 23.867 GC heap after
{Heap after GC invocations=55 (full 0):
 garbage-first heap   total 329728K, used 220160K [0x0000000080000000, 0x0000000100000000)
  region size 1024K, 6 young (6144K), 6 survivors (6144K)
 Metaspace       used 118105K, committed 120256K, reserved 1179648K
  class space    used 16320K, committed 17408K, reserved 1048576K
}
Event: 25.142 GC heap before
{Heap before GC invocations=55 (full 0):
 garbage-first heap   total 329728K, used 275456K [0x0000000080000000, 0x0000000100000000)
  region size 1024K, 61 young (62464K), 6 survivors (6144K)
 Metaspace       used 121338K, committed 123584K, reserved 1179648K
  class space    used 16751K, committed 17920K, reserved 1048576K
}
Event: 25.157 GC heap after
{Heap after GC invocations=56 (full 0):
 garbage-first heap   total 329728K, used 235477K [0x0000000080000000, 0x0000000100000000)
  region size 1024K, 8 young (8192K), 8 survivors (8192K)
 Metaspace       used 121338K, committed 123584K, reserved 1179648K
  class space    used 16751K, committed 17920K, reserved 1048576K
}
Event: 25.821 GC heap before
{Heap before GC invocations=56 (full 0):
 garbage-first heap   total 329728K, used 282581K [0x0000000080000000, 0x0000000100000000)
  region size 1024K, 55 young (56320K), 8 survivors (8192K)
 Metaspace       used 122711K, committed 124928K, reserved 1179648K
  class space    used 16946K, committed 18112K, reserved 1048576K
}
Event: 25.829 GC heap after
{Heap after GC invocations=57 (full 0):
 garbage-first heap   total 329728K, used 241965K [0x0000000080000000, 0x0000000100000000)
  region size 1024K, 5 young (5120K), 5 survivors (5120K)
 Metaspace       used 122711K, committed 124928K, reserved 1179648K
  class space    used 16946K, committed 18112K, reserved 1048576K
}
Event: 26.279 GC heap before
{Heap before GC invocations=58 (full 0):
 garbage-first heap   total 384000K, used 277805K [0x0000000080000000, 0x0000000100000000)
  region size 1024K, 52 young (53248K), 5 survivors (5120K)
 Metaspace       used 123172K, committed 125376K, reserved 1179648K
  class space    used 17004K, committed 18176K, reserved 1048576K
}
Event: 26.286 GC heap after
{Heap after GC invocations=59 (full 0):
 garbage-first heap   total 384000K, used 234097K [0x0000000080000000, 0x0000000100000000)
  region size 1024K, 5 young (5120K), 5 survivors (5120K)
 Metaspace       used 123172K, committed 125376K, reserved 1179648K
  class space    used 17004K, committed 18176K, reserved 1048576K
}
Event: 27.334 GC heap before
{Heap before GC invocations=59 (full 0):
 garbage-first heap   total 384000K, used 343665K [0x0000000080000000, 0x0000000100000000)
  region size 1024K, 96 young (98304K), 5 survivors (5120K)
 Metaspace       used 123533K, committed 125760K, reserved 1179648K
  class space    used 17040K, committed 18176K, reserved 1048576K
}
Event: 27.347 GC heap after
{Heap after GC invocations=60 (full 0):
 garbage-first heap   total 384000K, used 248696K [0x0000000080000000, 0x0000000100000000)
  region size 1024K, 8 young (8192K), 8 survivors (8192K)
 Metaspace       used 123533K, committed 125760K, reserved 1179648K
  class space    used 17040K, committed 18176K, reserved 1048576K
}
Event: 27.589 GC heap before
{Heap before GC invocations=60 (full 0):
 garbage-first heap   total 384000K, used 275320K [0x0000000080000000, 0x0000000100000000)
  region size 1024K, 36 young (36864K), 8 survivors (8192K)
 Metaspace       used 123810K, committed 126080K, reserved 1179648K
  class space    used 17066K, committed 18240K, reserved 1048576K
}
Event: 27.601 GC heap after
{Heap after GC invocations=61 (full 0):
 garbage-first heap   total 384000K, used 251674K [0x0000000080000000, 0x0000000100000000)
  region size 1024K, 9 young (9216K), 9 survivors (9216K)
 Metaspace       used 123810K, committed 126080K, reserved 1179648K
  class space    used 17066K, committed 18240K, reserved 1048576K
}

