# JRE version: OpenJDK Runtime Environment (21.0.6) (build 21.0.6+-13355223-b631.42)
# Java VM: OpenJDK 64-Bit Server VM (21.0.6+-13355223-b631.42, mixed mode, tiered, compressed oops, compressed class ptrs, g1 gc, windows-amd64)
GC Precious Log:
 CardTable entry size: 512
 Card Set container configuration: InlinePtr #cards 5 size 8 Array Of Cards #cards 12 size 40 Howl #buckets 4 coarsen threshold 1843 Howl Bitmap #cards 512 size 80 coarsen threshold 460 Card regions per heap region 1 cards per card region 2048
 CPUs: 8 total, 8 available
 Memory: 7881M
 Large Page Support: Disabled
 NUMA Support: Disabled
 Compressed Oops: Enabled (32-bit)
 Heap Region Size: 1M
 Heap Min Capacity: 8M
 Heap Initial Capacity: 124M
 Heap Max Capacity: 2G
 Pre-touch: Disabled
 Parallel Workers: 8
 Concurrent Workers: 2
 Concurrent Refinement Workers: 8
 Periodic GC: Disabled
Heap:
 garbage-first heap   total 495616K, used 203166K [0x0000000080000000, 0x0000000100000000)
  region size 1024K, 6 young (6144K), 6 survivors (6144K)
 Metaspace       used 162248K, committed 163968K, reserved 1245184K
  class space    used 21462K, committed 22464K, reserved 1048576K
GC Heap History (20 events):
Event: 1781.648 GC heap after
{Heap after GC invocations=78 (full 0):
 garbage-first heap   total 495616K, used 168560K [0x0000000080000000, 0x0000000100000000)
  region size 1024K, 4 young (4096K), 4 survivors (4096K)
 Metaspace       used 140769K, committed 143104K, reserved 1179648K
  class space    used 18907K, committed 20096K, reserved 1048576K
}
Event: 1847.502 GC heap before
{Heap before GC invocations=78 (full 0):
 garbage-first heap   total 495616K, used 438896K [0x0000000080000000, 0x0000000100000000)
  region size 1024K, 158 young (161792K), 4 survivors (4096K)
 Metaspace       used 141139K, committed 143552K, reserved 1179648K
  class space    used 18910K, committed 20160K, reserved 1048576K
}
Event: 1847.621 GC heap after
{Heap after GC invocations=79 (full 0):
 garbage-first heap   total 495616K, used 169483K [0x0000000080000000, 0x0000000100000000)
  region size 1024K, 7 young (7168K), 7 survivors (7168K)
 Metaspace       used 141139K, committed 143552K, reserved 1179648K
  class space    used 18910K, committed 20160K, reserved 1048576K
}
Event: 2066.889 GC heap before
{Heap before GC invocations=79 (full 0):
 garbage-first heap   total 495616K, used 388619K [0x0000000080000000, 0x0000000100000000)
  region size 1024K, 111 young (113664K), 7 survivors (7168K)
 Metaspace       used 141369K, committed 143808K, reserved 1179648K
  class space    used 18913K, committed 20160K, reserved 1048576K
}
Event: 2067.183 GC heap after
{Heap after GC invocations=80 (full 0):
 garbage-first heap   total 495616K, used 162527K [0x0000000080000000, 0x0000000100000000)
  region size 1024K, 2 young (2048K), 2 survivors (2048K)
 Metaspace       used 141369K, committed 143808K, reserved 1179648K
  class space    used 18913K, committed 20160K, reserved 1048576K
}
Event: 2068.590 GC heap before
{Heap before GC invocations=80 (full 0):
 garbage-first heap   total 495616K, used 184031K [0x0000000080000000, 0x0000000100000000)
  region size 1024K, 24 young (24576K), 2 survivors (2048K)
 Metaspace       used 141395K, committed 143808K, reserved 1179648K
  class space    used 18915K, committed 20160K, reserved 1048576K
}
Event: 2068.642 GC heap after
{Heap after GC invocations=81 (full 0):
 garbage-first heap   total 495616K, used 163728K [0x0000000080000000, 0x0000000100000000)
  region size 1024K, 3 young (3072K), 3 survivors (3072K)
 Metaspace       used 141395K, committed 143808K, reserved 1179648K
  class space    used 18915K, committed 20160K, reserved 1048576K
}
Event: 2070.246 GC heap before
{Heap before GC invocations=81 (full 0):
 garbage-first heap   total 495616K, used 184208K [0x0000000080000000, 0x0000000100000000)
  region size 1024K, 24 young (24576K), 3 survivors (3072K)
 Metaspace       used 141488K, committed 143936K, reserved 1179648K
  class space    used 18917K, committed 20160K, reserved 1048576K
}
Event: 2070.310 GC heap after
{Heap after GC invocations=82 (full 0):
 garbage-first heap   total 495616K, used 165919K [0x0000000080000000, 0x0000000100000000)
  region size 1024K, 3 young (3072K), 3 survivors (3072K)
 Metaspace       used 141488K, committed 143936K, reserved 1179648K
  class space    used 18917K, committed 20160K, reserved 1048576K
}
Event: 2070.591 GC heap before
{Heap before GC invocations=82 (full 0):
 garbage-first heap   total 495616K, used 187423K [0x0000000080000000, 0x0000000100000000)
  region size 1024K, 24 young (24576K), 3 survivors (3072K)
 Metaspace       used 141497K, committed 143936K, reserved 1179648K
  class space    used 18918K, committed 20160K, reserved 1048576K
}
Event: 2070.657 GC heap after
{Heap after GC invocations=83 (full 0):
 garbage-first heap   total 495616K, used 168181K [0x0000000080000000, 0x0000000100000000)
  region size 1024K, 3 young (3072K), 3 survivors (3072K)
 Metaspace       used 141497K, committed 143936K, reserved 1179648K
  class space    used 18918K, committed 20160K, reserved 1048576K
}
Event: 2342.216 GC heap before
{Heap before GC invocations=83 (full 0):
 garbage-first heap   total 495616K, used 316661K [0x0000000080000000, 0x0000000100000000)
  region size 1024K, 150 young (153600K), 3 survivors (3072K)
 Metaspace       used 155367K, committed 157760K, reserved 1245184K
  class space    used 21082K, committed 22272K, reserved 1048576K
}
Event: 2342.414 GC heap after
{Heap after GC invocations=84 (full 0):
 garbage-first heap   total 495616K, used 176035K [0x0000000080000000, 0x0000000100000000)
  region size 1024K, 11 young (11264K), 11 survivors (11264K)
 Metaspace       used 155367K, committed 157760K, reserved 1245184K
  class space    used 21082K, committed 22272K, reserved 1048576K
}
Event: 2342.896 GC heap before
{Heap before GC invocations=84 (full 0):
 garbage-first heap   total 495616K, used 204707K [0x0000000080000000, 0x0000000100000000)
  region size 1024K, 32 young (32768K), 11 survivors (11264K)
 Metaspace       used 155574K, committed 158080K, reserved 1245184K
  class space    used 21085K, committed 22336K, reserved 1048576K
}
Event: 2342.960 GC heap after
{Heap after GC invocations=85 (full 0):
 garbage-first heap   total 495616K, used 189054K [0x0000000080000000, 0x0000000100000000)
  region size 1024K, 4 young (4096K), 4 survivors (4096K)
 Metaspace       used 155574K, committed 158080K, reserved 1245184K
  class space    used 21085K, committed 22336K, reserved 1048576K
}
Event: 2345.121 GC heap before
{Heap before GC invocations=86 (full 0):
 garbage-first heap   total 495616K, used 282238K [0x0000000080000000, 0x0000000100000000)
  region size 1024K, 104 young (106496K), 4 survivors (4096K)
 Metaspace       used 157224K, committed 159552K, reserved 1245184K
  class space    used 20968K, committed 22336K, reserved 1048576K
}
Event: 2345.196 GC heap after
{Heap after GC invocations=87 (full 0):
 garbage-first heap   total 495616K, used 199088K [0x0000000080000000, 0x0000000100000000)
  region size 1024K, 13 young (13312K), 13 survivors (13312K)
 Metaspace       used 157224K, committed 159552K, reserved 1245184K
  class space    used 20968K, committed 22336K, reserved 1048576K
}
Event: 2345.348 GC heap before
{Heap before GC invocations=87 (full 0):
 garbage-first heap   total 495616K, used 217520K [0x0000000080000000, 0x0000000100000000)
  region size 1024K, 24 young (24576K), 13 survivors (13312K)
 Metaspace       used 157527K, committed 159808K, reserved 1245184K
  class space    used 20989K, committed 22336K, reserved 1048576K
}
Event: 2345.406 GC heap after
{Heap after GC invocations=88 (full 0):
 garbage-first heap   total 495616K, used 205778K [0x0000000080000000, 0x0000000100000000)
  region size 1024K, 3 young (3072K), 3 survivors (3072K)
 Metaspace       used 157527K, committed 159808K, reserved 1245184K
  class space    used 20989K, committed 22336K, reserved 1048576K
}
Event: 2346.103 GC heap before
{Heap before GC invocations=88 (full 0):
 garbage-first heap   total 495616K, used 247762K [0x0000000080000000, 0x0000000100000000)
  region size 1024K, 44 young (45056K), 3 survivors (3072K)
 Metaspace       used 162248K, committed 163968K, reserved 1245184K
  class space    used 21462K, committed 22464K, reserved 1048576K
}

